
CPPTRAJ: Trajectory Analysis. V14.25
    ___  ___  ___  ___
     | \/ | \/ | \/ | 
    _|_/\_|_/\_|_/\_|_
	Reading 'Trajectories/Met_Amber_stripped.top' as Amber Topology
INPUT: Reading Input from file RMSD_matrices/Met_Amber1_stripped_Met_Amber2_stripped.in
  [trajin Trajectories/Met_Amber1_stripped.netcdf 1 last 1]
	Reading 'Trajectories/Met_Amber1_stripped.netcdf' as Amber Trajectory
Warning: Trajectory only contains box lengths and topology has no box info.
Warning: To set box angles for topology use the 'parmbox' command.
  [rms2d out RMSD_matrices/Met_Amber1_stripped_Met_Amber2_stripped_bin.dat mass @N,CA,C reftraj Trajectories/Met_Amber2_stripped.netcdf]
	Reading 'Trajectories/Met_Amber2_stripped.netcdf' as Amber Trajectory
Warning: Trajectory only contains box lengths and topology has no box info.
Warning: To set box angles for topology use the 'parmbox' command.
    RMS2D: COORDS set [_DEFAULTCRD_], mask [@N,CA,C], using RMSD (fit), mass-weighted
	Reference trajectory 'Trajectories/Met_Amber2_stripped.netcdf', 1000 frames
	Output to 'RMSD_matrices/Met_Amber1_stripped_Met_Amber2_stripped_bin.dat'
Warning: One or more analyses requested creation of default COORDS DataSet.
    CREATECRD: Saving coordinates from Top Trajectories/Met_Amber_stripped.top to "_DEFAULTCRD_"
---------- RUN BEGIN -------------------------------------------------

PARAMETER FILES:
 0: 'Trajectories/Met_Amber_stripped.top', 84 atoms, 7 res, box: None, 1 mol, 1000 frames

INPUT TRAJECTORIES:
 0: 'Met_Amber1_stripped.netcdf' is an AMBER trajectory, Parm Trajectories/Met_Amber_stripped.top (reading 1000 of 1000)
  Coordinate processing will occur on 1000 frames.
TIME: Run Initialization took 0.0000 seconds.

BEGIN TRAJECTORY PROCESSING:
.....................................................
ACTION SETUP FOR PARM 'Trajectories/Met_Amber_stripped.top' (1 actions):
  0: [createcrd _DEFAULTCRD_]
----- Met_Amber1_stripped.netcdf (1-1000, 1) -----
 0% 10% 20% 30% 40% 50% 60% 70% 80% 90% 100% Complete.

Read 1000 frames and processed 1000 frames.
TIME: Trajectory processing: 0.0336 s
TIME: Avg. throughput= 29751.2793 frames / second.

ACTION OUTPUT:

ANALYSIS: Performing 1 analyses:
  0: [rms2d out RMSD_matrices/Met_Amber1_stripped_Met_Amber2_stripped_bin.dat mass @N,CA,C reftraj Trajectories/Met_Amber2_stripped.netcdf]
	Mask [@N,CA,C] corresponds to 17 atoms.
  RMS2D: Calculating RMSD (fit) between each input frame and each reference
         trajectory 'Trajectories/Met_Amber2_stripped.netcdf' frame (1000000 total).
  
TIME: Analyses took 0.7935 seconds.

DATASETS:
  3 data sets:
	_DEFAULTCRD_ "_DEFAULTCRD_" (coordinates), size is 1000 (<1 MB) 84 atoms
	Trajectories/Met_Amber2_stripped.netcdf "Trajectories/Met_Amber2_stripped.netcdf" (trajectories), size is 1000 (1 trajectory)
	Rms2d_00002 "Rms2d_00002" (float matrix), size is 1000000

DATAFILES:
  Met_Amber1_stripped_Met_Amber2_stripped_bin.dat (Standard Data File):  Rms2d_00002
---------- RUN END ---------------------------------------------------
TIME: Total execution time: 1.0536 seconds.
--------------------------------------------------------------------------------
To cite CPPTRAJ use:
Daniel R. Roe and Thomas E. Cheatham, III, "PTRAJ and CPPTRAJ: Software for
  Processing and Analysis of Molecular Dynamics Trajectory Data". J. Chem.
  Theory Comput., 2013, 9 (7), pp 3084-3095.

